27-Nov-2018 15:33:37.725 정보 [main] org.apache.catalina.startup.VersionLoggerListener.log Server version:        Apache Tomcat/8.5.23
27-Nov-2018 15:33:37.728 정보 [main] org.apache.catalina.startup.VersionLoggerListener.log Server built:          Sep 28 2017 10:30:11 UTC
27-Nov-2018 15:33:37.728 정보 [main] org.apache.catalina.startup.VersionLoggerListener.log Server number:         8.5.23.0
27-Nov-2018 15:33:37.729 정보 [main] org.apache.catalina.startup.VersionLoggerListener.log OS Name:               Mac OS X
27-Nov-2018 15:33:37.729 정보 [main] org.apache.catalina.startup.VersionLoggerListener.log OS Version:            10.14.1
27-Nov-2018 15:33:37.729 정보 [main] org.apache.catalina.startup.VersionLoggerListener.log Architecture:          x86_64
27-Nov-2018 15:33:37.729 정보 [main] org.apache.catalina.startup.VersionLoggerListener.log Java Home:             /Library/Java/JavaVirtualMachines/jdk1.8.0_152.jdk/Contents/Home/jre
27-Nov-2018 15:33:37.729 정보 [main] org.apache.catalina.startup.VersionLoggerListener.log JVM Version:           1.8.0_152-b16
27-Nov-2018 15:33:37.729 정보 [main] org.apache.catalina.startup.VersionLoggerListener.log JVM Vendor:            Oracle Corporation
27-Nov-2018 15:33:37.729 정보 [main] org.apache.catalina.startup.VersionLoggerListener.log CATALINA_BASE:         /Users/aqua/apps/tomcat/testtomcat/apache-tomcat-8.5.23
27-Nov-2018 15:33:37.729 정보 [main] org.apache.catalina.startup.VersionLoggerListener.log CATALINA_HOME:         /Users/aqua/apps/tomcat/testtomcat/apache-tomcat-8.5.23
27-Nov-2018 15:33:37.730 정보 [main] org.apache.catalina.startup.VersionLoggerListener.log Command line argument: -Djava.util.logging.config.file=/Users/aqua/apps/tomcat/testtomcat/apache-tomcat-8.5.23/conf/logging.properties
27-Nov-2018 15:33:37.730 정보 [main] org.apache.catalina.startup.VersionLoggerListener.log Command line argument: -Djava.util.logging.manager=org.apache.juli.ClassLoaderLogManager
27-Nov-2018 15:33:37.730 정보 [main] org.apache.catalina.startup.VersionLoggerListener.log Command line argument: -Djdk.tls.ephemeralDHKeySize=2048
27-Nov-2018 15:33:37.730 정보 [main] org.apache.catalina.startup.VersionLoggerListener.log Command line argument: -Djava.protocol.handler.pkgs=org.apache.catalina.webresources
27-Nov-2018 15:33:37.730 정보 [main] org.apache.catalina.startup.VersionLoggerListener.log Command line argument: -Dcatalina.base=/Users/aqua/apps/tomcat/testtomcat/apache-tomcat-8.5.23
27-Nov-2018 15:33:37.731 정보 [main] org.apache.catalina.startup.VersionLoggerListener.log Command line argument: -Dcatalina.home=/Users/aqua/apps/tomcat/testtomcat/apache-tomcat-8.5.23
27-Nov-2018 15:33:37.731 정보 [main] org.apache.catalina.startup.VersionLoggerListener.log Command line argument: -Djava.io.tmpdir=/Users/aqua/apps/tomcat/testtomcat/apache-tomcat-8.5.23/temp
27-Nov-2018 15:33:37.731 정보 [main] org.apache.catalina.core.AprLifecycleListener.lifecycleEvent The APR based Apache Tomcat Native library which allows optimal performance in production environments was not found on the java.library.path: [/Users/aqua/Library/Java/Extensions:/Library/Java/Extensions:/Network/Library/Java/Extensions:/System/Library/Java/Extensions:/usr/lib/java:.]
27-Nov-2018 15:33:37.827 정보 [main] org.apache.coyote.AbstractProtocol.init Initializing ProtocolHandler ["http-nio-8080"]
27-Nov-2018 15:33:37.852 정보 [main] org.apache.tomcat.util.net.NioSelectorPool.getSharedSelector Using a shared selector for servlet write/read
27-Nov-2018 15:33:37.854 정보 [main] org.apache.coyote.AbstractProtocol.init Initializing ProtocolHandler ["ajp-nio-8009"]
27-Nov-2018 15:33:37.855 정보 [main] org.apache.tomcat.util.net.NioSelectorPool.getSharedSelector Using a shared selector for servlet write/read
27-Nov-2018 15:33:37.855 정보 [main] org.apache.catalina.startup.Catalina.load Initialization processed in 437 ms
27-Nov-2018 15:33:37.880 정보 [main] org.apache.catalina.core.StandardService.startInternal Starting service [Catalina]
27-Nov-2018 15:33:37.880 정보 [main] org.apache.catalina.core.StandardEngine.startInternal Starting Servlet Engine: Apache Tomcat/8.5.23
27-Nov-2018 15:33:37.897 정보 [localhost-startStop-1] org.apache.catalina.startup.HostConfig.deployWAR Deploying web application archive [/Users/aqua/apps/tomcat/testtomcat/apache-tomcat-8.5.23/webapps/dbcp2##01.war]
27-Nov-2018 15:33:39.308 정보 [localhost-startStop-1] org.apache.jasper.servlet.TldScanner.scanJars At least one JAR was scanned for TLDs yet contained no TLDs. Enable debug logging for this logger for a complete list of JARs that were scanned but no TLDs were found in them. Skipping unneeded JARs during scanning can improve startup time and JSP compilation time.

  .   ____          _            __ _ _
 /\\ / ___'_ __ _ _(_)_ __  __ _ \ \ \ \
( ( )\___ | '_ | '_| | '_ \/ _` | \ \ \ \
 \\/  ___)| |_)| | | | | || (_| |  ) ) ) )
  '  |____| .__|_| |_|_| |_\__, | / / / /
 =========|_|==============|___/=/_/_/_/
 :: Spring Boot ::        (v2.0.0.RELEASE)

27-Nov-2018 15:33:39.995 정보 [localhost-startStop-1] elfhazardwork.SampleWebApplication.logStarting Starting SampleWebApplication on 2016100002-01.local with PID 23786 (started by aqua in /Users/aqua/apps/tomcat/testtomcat/apache-tomcat-8.5.23)
2018-11-27 15:33:39.996  INFO 23786 --- [ost-startStop-1] elfhazardwork.SampleWebApplication       : Starting SampleWebApplication on 2016100002-01.local with PID 23786 (started by aqua in /Users/aqua/apps/tomcat/testtomcat/apache-tomcat-8.5.23)
27-Nov-2018 15:33:40.001 정보 [localhost-startStop-1] elfhazardwork.SampleWebApplication.logStartupProfileInfo No active profile set, falling back to default profiles: default
2018-11-27 15:33:40.001  INFO 23786 --- [ost-startStop-1] elfhazardwork.SampleWebApplication       : No active profile set, falling back to default profiles: default
27-Nov-2018 15:33:40.045 정보 [localhost-startStop-1] org.springframework.boot.web.servlet.context.AnnotationConfigServletWebServerApplicationContext.prepareRefresh Refreshing org.springframework.boot.web.servlet.context.AnnotationConfigServletWebServerApplicationContext@4e3069f3: startup date [Tue Nov 27 15:33:40 KST 2018]; root of context hierarchy
2018-11-27 15:33:40.045  INFO 23786 --- [ost-startStop-1] ConfigServletWebServerApplicationContext : Refreshing org.springframework.boot.web.servlet.context.AnnotationConfigServletWebServerApplicationContext@4e3069f3: startup date [Tue Nov 27 15:33:40 KST 2018]; root of context hierarchy
27-Nov-2018 15:33:40.983 정보 [localhost-startStop-1] org.springframework.web.context.ContextLoader.prepareWebApplicationContext Root WebApplicationContext: initialization completed in 938 ms
2018-11-27 15:33:40.983  INFO 23786 --- [ost-startStop-1] o.s.web.context.ContextLoader            : Root WebApplicationContext: initialization completed in 938 ms
27-Nov-2018 15:33:41.334 정보 [localhost-startStop-1] org.springframework.boot.web.servlet.ServletRegistrationBean.addRegistration Servlet dispatcherServlet mapped to [/]
2018-11-27 15:33:41.334  INFO 23786 --- [ost-startStop-1] o.s.b.w.servlet.ServletRegistrationBean  : Servlet dispatcherServlet mapped to [/]
27-Nov-2018 15:33:41.336 정보 [localhost-startStop-1] org.springframework.boot.web.servlet.FilterRegistrationBean.configure Mapping filter: 'characterEncodingFilter' to: [/*]
2018-11-27 15:33:41.336  INFO 23786 --- [ost-startStop-1] o.s.b.w.servlet.FilterRegistrationBean   : Mapping filter: 'characterEncodingFilter' to: [/*]
27-Nov-2018 15:33:41.336 정보 [localhost-startStop-1] org.springframework.boot.web.servlet.FilterRegistrationBean.configure Mapping filter: 'errorPageFilter' to: [/*]
2018-11-27 15:33:41.337  INFO 23786 --- [ost-startStop-1] o.s.b.w.servlet.FilterRegistrationBean   : Mapping filter: 'errorPageFilter' to: [/*]
27-Nov-2018 15:33:41.451 정보 [localhost-startStop-1] org.springframework.web.servlet.mvc.method.annotation.RequestMappingHandlerMapping.register Mapped "{[/]}" onto public java.lang.String elfhazardwork.SampleController.test() throws java.sql.SQLException
2018-11-27 15:33:41.451  INFO 23786 --- [ost-startStop-1] s.w.s.m.m.a.RequestMappingHandlerMapping : Mapped "{[/]}" onto public java.lang.String elfhazardwork.SampleController.test() throws java.sql.SQLException
27-Nov-2018 15:33:41.552 정보 [localhost-startStop-1] org.springframework.web.servlet.mvc.method.annotation.RequestMappingHandlerMapping.register Mapped "{[/error]}" onto public org.springframework.http.ResponseEntity<java.util.Map<java.lang.String, java.lang.Object>> org.springframework.boot.autoconfigure.web.servlet.error.BasicErrorController.error(javax.servlet.http.HttpServletRequest)
2018-11-27 15:33:41.552  INFO 23786 --- [ost-startStop-1] s.w.s.m.m.a.RequestMappingHandlerMapping : Mapped "{[/error]}" onto public org.springframework.http.ResponseEntity<java.util.Map<java.lang.String, java.lang.Object>> org.springframework.boot.autoconfigure.web.servlet.error.BasicErrorController.error(javax.servlet.http.HttpServletRequest)
27-Nov-2018 15:33:41.553 정보 [localhost-startStop-1] org.springframework.web.servlet.mvc.method.annotation.RequestMappingHandlerMapping.register Mapped "{[/error],produces=[text/html]}" onto public org.springframework.web.servlet.ModelAndView org.springframework.boot.autoconfigure.web.servlet.error.BasicErrorController.errorHtml(javax.servlet.http.HttpServletRequest,javax.servlet.http.HttpServletResponse)
2018-11-27 15:33:41.553  INFO 23786 --- [ost-startStop-1] s.w.s.m.m.a.RequestMappingHandlerMapping : Mapped "{[/error],produces=[text/html]}" onto public org.springframework.web.servlet.ModelAndView org.springframework.boot.autoconfigure.web.servlet.error.BasicErrorController.errorHtml(javax.servlet.http.HttpServletRequest,javax.servlet.http.HttpServletResponse)
27-Nov-2018 15:33:41.628 정보 [localhost-startStop-1] org.springframework.web.servlet.mvc.method.annotation.RequestMappingHandlerAdapter.initControllerAdviceCache Looking for @ControllerAdvice: org.springframework.boot.web.servlet.context.AnnotationConfigServletWebServerApplicationContext@4e3069f3: startup date [Tue Nov 27 15:33:40 KST 2018]; root of context hierarchy
2018-11-27 15:33:41.628  INFO 23786 --- [ost-startStop-1] s.w.s.m.m.a.RequestMappingHandlerAdapter : Looking for @ControllerAdvice: org.springframework.boot.web.servlet.context.AnnotationConfigServletWebServerApplicationContext@4e3069f3: startup date [Tue Nov 27 15:33:40 KST 2018]; root of context hierarchy
27-Nov-2018 15:33:42.089 정보 [localhost-startStop-1] org.springframework.jmx.export.annotation.AnnotationMBeanExporter.afterSingletonsInstantiated Registering beans for JMX exposure on startup
2018-11-27 15:33:42.089  INFO 23786 --- [ost-startStop-1] o.s.j.e.a.AnnotationMBeanExporter        : Registering beans for JMX exposure on startup
27-Nov-2018 15:33:42.090 정보 [localhost-startStop-1] org.springframework.jmx.export.annotation.AnnotationMBeanExporter.autodetect Bean with name 'dataSource' has been autodetected for JMX exposure
2018-11-27 15:33:42.090  INFO 23786 --- [ost-startStop-1] o.s.j.e.a.AnnotationMBeanExporter        : Bean with name 'dataSource' has been autodetected for JMX exposure
27-Nov-2018 15:33:42.095 정보 [localhost-startStop-1] org.springframework.jmx.export.annotation.AnnotationMBeanExporter.registerBeanInstance Located MBean 'dataSource': registering with JMX server as MBean [org.apache.commons.dbcp2:name=dataSource,type=BasicDataSource]
2018-11-27 15:33:42.095  INFO 23786 --- [ost-startStop-1] o.s.j.e.a.AnnotationMBeanExporter        : Located MBean 'dataSource': registering with JMX server as MBean [org.apache.commons.dbcp2:name=dataSource,type=BasicDataSource]
27-Nov-2018 15:33:42.109 정보 [localhost-startStop-1] elfhazardwork.SampleWebApplication.logStarted Started SampleWebApplication in 2.602 seconds (JVM running for 4.85)
2018-11-27 15:33:42.109  INFO 23786 --- [ost-startStop-1] elfhazardwork.SampleWebApplication       : Started SampleWebApplication in 2.602 seconds (JVM running for 4.85)
27-Nov-2018 15:33:42.143 정보 [localhost-startStop-1] org.apache.catalina.startup.HostConfig.deployWAR Deployment of web application archive [/Users/aqua/apps/tomcat/testtomcat/apache-tomcat-8.5.23/webapps/dbcp2##01.war] has finished in [4,246] ms
27-Nov-2018 15:33:42.143 정보 [localhost-startStop-1] org.apache.catalina.startup.HostConfig.deployDirectory Deploying web application directory [/Users/aqua/apps/tomcat/testtomcat/apache-tomcat-8.5.23/webapps/docs]
27-Nov-2018 15:33:42.156 정보 [localhost-startStop-1] org.apache.catalina.startup.HostConfig.deployDirectory Deployment of web application directory [/Users/aqua/apps/tomcat/testtomcat/apache-tomcat-8.5.23/webapps/docs] has finished in [13] ms
27-Nov-2018 15:33:42.156 정보 [localhost-startStop-1] org.apache.catalina.startup.HostConfig.deployDirectory Deploying web application directory [/Users/aqua/apps/tomcat/testtomcat/apache-tomcat-8.5.23/webapps/manager]
27-Nov-2018 15:33:42.190 정보 [localhost-startStop-1] org.apache.catalina.startup.HostConfig.deployDirectory Deployment of web application directory [/Users/aqua/apps/tomcat/testtomcat/apache-tomcat-8.5.23/webapps/manager] has finished in [34] ms
27-Nov-2018 15:33:42.190 정보 [localhost-startStop-1] org.apache.catalina.startup.HostConfig.deployDirectory Deploying web application directory [/Users/aqua/apps/tomcat/testtomcat/apache-tomcat-8.5.23/webapps/examples]
27-Nov-2018 15:33:42.322 정보 [localhost-startStop-1] org.apache.catalina.startup.HostConfig.deployDirectory Deployment of web application directory [/Users/aqua/apps/tomcat/testtomcat/apache-tomcat-8.5.23/webapps/examples] has finished in [132] ms
27-Nov-2018 15:33:42.322 정보 [localhost-startStop-1] org.apache.catalina.startup.HostConfig.deployDirectory Deploying web application directory [/Users/aqua/apps/tomcat/testtomcat/apache-tomcat-8.5.23/webapps/ROOT]
27-Nov-2018 15:33:42.332 정보 [localhost-startStop-1] org.apache.catalina.startup.HostConfig.deployDirectory Deployment of web application directory [/Users/aqua/apps/tomcat/testtomcat/apache-tomcat-8.5.23/webapps/ROOT] has finished in [9] ms
27-Nov-2018 15:33:42.332 정보 [localhost-startStop-1] org.apache.catalina.startup.HostConfig.deployDirectory Deploying web application directory [/Users/aqua/apps/tomcat/testtomcat/apache-tomcat-8.5.23/webapps/host-manager]
27-Nov-2018 15:33:42.344 정보 [localhost-startStop-1] org.apache.catalina.startup.HostConfig.deployDirectory Deployment of web application directory [/Users/aqua/apps/tomcat/testtomcat/apache-tomcat-8.5.23/webapps/host-manager] has finished in [11] ms
27-Nov-2018 15:33:42.348 정보 [main] org.apache.coyote.AbstractProtocol.start Starting ProtocolHandler ["http-nio-8080"]
27-Nov-2018 15:33:42.354 정보 [main] org.apache.coyote.AbstractProtocol.start Starting ProtocolHandler ["ajp-nio-8009"]
27-Nov-2018 15:33:42.356 정보 [main] org.apache.catalina.startup.Catalina.start Server startup in 4500 ms
27-Nov-2018 15:34:12.362 정보 [localhost-startStop-2] org.apache.catalina.startup.HostConfig.deployWAR Deploying web application archive [/Users/aqua/apps/tomcat/testtomcat/apache-tomcat-8.5.23/webapps/dbcp2##02.war]
27-Nov-2018 15:34:13.434 정보 [localhost-startStop-2] org.apache.jasper.servlet.TldScanner.scanJars At least one JAR was scanned for TLDs yet contained no TLDs. Enable debug logging for this logger for a complete list of JARs that were scanned but no TLDs were found in them. Skipping unneeded JARs during scanning can improve startup time and JSP compilation time.
2018-11-27 15:34:13.434  INFO 23786 --- [ost-startStop-2] org.apache.jasper.servlet.TldScanner     : At least one JAR was scanned for TLDs yet contained no TLDs. Enable debug logging for this logger for a complete list of JARs that were scanned but no TLDs were found in them. Skipping unneeded JARs during scanning can improve startup time and JSP compilation time.

  .   ____          _            __ _ _
 /\\ / ___'_ __ _ _(_)_ __  __ _ \ \ \ \
( ( )\___ | '_ | '_| | '_ \/ _` | \ \ \ \
 \\/  ___)| |_)| | | | | || (_| |  ) ) ) )
  '  |____| .__|_| |_|_| |_\__, | / / / /
 =========|_|==============|___/=/_/_/_/
 :: Spring Boot ::        (v2.0.0.RELEASE)

27-Nov-2018 15:34:13.981 정보 [localhost-startStop-2] elfhazardwork.SampleWebApplication.logStarting Starting SampleWebApplication on 2016100002-01.local with PID 23786 (started by aqua in /Users/aqua/apps/tomcat/testtomcat/apache-tomcat-8.5.23)
2018-11-27 15:34:13.981  INFO 23786 --- [ost-startStop-2] elfhazardwork.SampleWebApplication       : Starting SampleWebApplication on 2016100002-01.local with PID 23786 (started by aqua in /Users/aqua/apps/tomcat/testtomcat/apache-tomcat-8.5.23)
27-Nov-2018 15:34:13.985 정보 [localhost-startStop-2] elfhazardwork.SampleWebApplication.logStartupProfileInfo No active profile set, falling back to default profiles: default
2018-11-27 15:34:13.985  INFO 23786 --- [ost-startStop-2] elfhazardwork.SampleWebApplication       : No active profile set, falling back to default profiles: default
27-Nov-2018 15:34:14.014 정보 [localhost-startStop-2] org.springframework.boot.web.servlet.context.AnnotationConfigServletWebServerApplicationContext.prepareRefresh Refreshing org.springframework.boot.web.servlet.context.AnnotationConfigServletWebServerApplicationContext@1a945dfa: startup date [Tue Nov 27 15:34:14 KST 2018]; root of context hierarchy
2018-11-27 15:34:14.014  INFO 23786 --- [ost-startStop-2] ConfigServletWebServerApplicationContext : Refreshing org.springframework.boot.web.servlet.context.AnnotationConfigServletWebServerApplicationContext@1a945dfa: startup date [Tue Nov 27 15:34:14 KST 2018]; root of context hierarchy
27-Nov-2018 15:34:14.698 정보 [localhost-startStop-2] org.springframework.web.context.ContextLoader.prepareWebApplicationContext Root WebApplicationContext: initialization completed in 684 ms
2018-11-27 15:34:14.698  INFO 23786 --- [ost-startStop-2] o.s.web.context.ContextLoader            : Root WebApplicationContext: initialization completed in 684 ms
27-Nov-2018 15:34:14.928 정보 [localhost-startStop-2] org.springframework.boot.web.servlet.ServletRegistrationBean.addRegistration Servlet dispatcherServlet mapped to [/]
2018-11-27 15:34:14.928  INFO 23786 --- [ost-startStop-2] o.s.b.w.servlet.ServletRegistrationBean  : Servlet dispatcherServlet mapped to [/]
27-Nov-2018 15:34:14.929 정보 [localhost-startStop-2] org.springframework.boot.web.servlet.FilterRegistrationBean.configure Mapping filter: 'characterEncodingFilter' to: [/*]
2018-11-27 15:34:14.929  INFO 23786 --- [ost-startStop-2] o.s.b.w.servlet.FilterRegistrationBean   : Mapping filter: 'characterEncodingFilter' to: [/*]
27-Nov-2018 15:34:14.929 정보 [localhost-startStop-2] org.springframework.boot.web.servlet.FilterRegistrationBean.configure Mapping filter: 'errorPageFilter' to: [/*]
2018-11-27 15:34:14.929  INFO 23786 --- [ost-startStop-2] o.s.b.w.servlet.FilterRegistrationBean   : Mapping filter: 'errorPageFilter' to: [/*]
27-Nov-2018 15:34:15.027 정보 [localhost-startStop-2] org.springframework.web.servlet.mvc.method.annotation.RequestMappingHandlerMapping.register Mapped "{[/]}" onto public java.lang.String elfhazardwork.SampleController.test() throws java.sql.SQLException
2018-11-27 15:34:15.027  INFO 23786 --- [ost-startStop-2] s.w.s.m.m.a.RequestMappingHandlerMapping : Mapped "{[/]}" onto public java.lang.String elfhazardwork.SampleController.test() throws java.sql.SQLException
27-Nov-2018 15:34:15.035 정보 [localhost-startStop-2] org.springframework.web.servlet.mvc.method.annotation.RequestMappingHandlerMapping.register Mapped "{[/error]}" onto public org.springframework.http.ResponseEntity<java.util.Map<java.lang.String, java.lang.Object>> org.springframework.boot.autoconfigure.web.servlet.error.BasicErrorController.error(javax.servlet.http.HttpServletRequest)
2018-11-27 15:34:15.035  INFO 23786 --- [ost-startStop-2] s.w.s.m.m.a.RequestMappingHandlerMapping : Mapped "{[/error]}" onto public org.springframework.http.ResponseEntity<java.util.Map<java.lang.String, java.lang.Object>> org.springframework.boot.autoconfigure.web.servlet.error.BasicErrorController.error(javax.servlet.http.HttpServletRequest)
27-Nov-2018 15:34:15.036 정보 [localhost-startStop-2] org.springframework.web.servlet.mvc.method.annotation.RequestMappingHandlerMapping.register Mapped "{[/error],produces=[text/html]}" onto public org.springframework.web.servlet.ModelAndView org.springframework.boot.autoconfigure.web.servlet.error.BasicErrorController.errorHtml(javax.servlet.http.HttpServletRequest,javax.servlet.http.HttpServletResponse)
2018-11-27 15:34:15.036  INFO 23786 --- [ost-startStop-2] s.w.s.m.m.a.RequestMappingHandlerMapping : Mapped "{[/error],produces=[text/html]}" onto public org.springframework.web.servlet.ModelAndView org.springframework.boot.autoconfigure.web.servlet.error.BasicErrorController.errorHtml(javax.servlet.http.HttpServletRequest,javax.servlet.http.HttpServletResponse)
27-Nov-2018 15:34:15.108 정보 [localhost-startStop-2] org.springframework.web.servlet.mvc.method.annotation.RequestMappingHandlerAdapter.initControllerAdviceCache Looking for @ControllerAdvice: org.springframework.boot.web.servlet.context.AnnotationConfigServletWebServerApplicationContext@1a945dfa: startup date [Tue Nov 27 15:34:14 KST 2018]; root of context hierarchy
2018-11-27 15:34:15.108  INFO 23786 --- [ost-startStop-2] s.w.s.m.m.a.RequestMappingHandlerAdapter : Looking for @ControllerAdvice: org.springframework.boot.web.servlet.context.AnnotationConfigServletWebServerApplicationContext@1a945dfa: startup date [Tue Nov 27 15:34:14 KST 2018]; root of context hierarchy
27-Nov-2018 15:34:15.545 정보 [localhost-startStop-2] org.springframework.jmx.export.annotation.AnnotationMBeanExporter.afterSingletonsInstantiated Registering beans for JMX exposure on startup
2018-11-27 15:34:15.545  INFO 23786 --- [ost-startStop-2] o.s.j.e.a.AnnotationMBeanExporter        : Registering beans for JMX exposure on startup
27-Nov-2018 15:34:15.546 정보 [localhost-startStop-2] org.springframework.jmx.export.annotation.AnnotationMBeanExporter.autodetect Bean with name 'dataSource' has been autodetected for JMX exposure
2018-11-27 15:34:15.546  INFO 23786 --- [ost-startStop-2] o.s.j.e.a.AnnotationMBeanExporter        : Bean with name 'dataSource' has been autodetected for JMX exposure
27-Nov-2018 15:34:15.551 정보 [localhost-startStop-2] org.springframework.jmx.export.annotation.AnnotationMBeanExporter.registerBeanInstance Located MBean 'dataSource': registering with JMX server as MBean [org.apache.commons.dbcp2:name=dataSource,type=BasicDataSource]
2018-11-27 15:34:15.551  INFO 23786 --- [ost-startStop-2] o.s.j.e.a.AnnotationMBeanExporter        : Located MBean 'dataSource': registering with JMX server as MBean [org.apache.commons.dbcp2:name=dataSource,type=BasicDataSource]
27-Nov-2018 15:34:15.558 정보 [localhost-startStop-2] org.springframework.boot.autoconfigure.logging.ConditionEvaluationReportLoggingListener.logAutoConfigurationReport

Error starting ApplicationContext. To display the conditions report re-run your application with 'debug' enabled.
27-Nov-2018 15:34:15.560 심각 [localhost-startStop-2] org.springframework.boot.SpringApplication.reportFailure Application run failed
 org.springframework.jmx.export.UnableToRegisterMBeanException: Unable to register MBean [org.apache.commons.dbcp2.BasicDataSource@5a6e5234] with key 'dataSource'; nested exception is javax.management.InstanceAlreadyExistsException: org.apache.commons.dbcp2:name=dataSource,type=BasicDataSource
	at org.springframework.jmx.export.MBeanExporter.registerBeanNameOrInstance(MBeanExporter.java:626)
	at org.springframework.jmx.export.MBeanExporter.lambda$registerBeans$2(MBeanExporter.java:552)
	at java.util.HashMap.forEach(HashMap.java:1289)
	at org.springframework.jmx.export.MBeanExporter.registerBeans(MBeanExporter.java:552)
	at org.springframework.jmx.export.MBeanExporter.afterSingletonsInstantiated(MBeanExporter.java:435)
	at org.springframework.beans.factory.support.DefaultListableBeanFactory.preInstantiateSingletons(DefaultListableBeanFactory.java:777)
	at org.springframework.context.support.AbstractApplicationContext.finishBeanFactoryInitialization(AbstractApplicationContext.java:868)
	at org.springframework.context.support.AbstractApplicationContext.refresh(AbstractApplicationContext.java:549)
	at org.springframework.boot.web.servlet.context.ServletWebServerApplicationContext.refresh(ServletWebServerApplicationContext.java:140)
	at org.springframework.boot.SpringApplication.refresh(SpringApplication.java:752)
	at org.springframework.boot.SpringApplication.refreshContext(SpringApplication.java:388)
	at org.springframework.boot.SpringApplication.run(SpringApplication.java:327)
	at org.springframework.boot.web.servlet.support.SpringBootServletInitializer.run(SpringBootServletInitializer.java:155)
	at org.springframework.boot.web.servlet.support.SpringBootServletInitializer.createRootApplicationContext(SpringBootServletInitializer.java:135)
	at org.springframework.boot.web.servlet.support.SpringBootServletInitializer.onStartup(SpringBootServletInitializer.java:87)
	at org.springframework.web.SpringServletContainerInitializer.onStartup(SpringServletContainerInitializer.java:172)
	at org.apache.catalina.core.StandardContext.startInternal(StandardContext.java:5196)
	at org.apache.catalina.util.LifecycleBase.start(LifecycleBase.java:150)
	at org.apache.catalina.core.ContainerBase.addChildInternal(ContainerBase.java:752)
	at org.apache.catalina.core.ContainerBase.addChild(ContainerBase.java:728)
	at org.apache.catalina.core.StandardHost.addChild(StandardHost.java:734)
	at org.apache.catalina.startup.HostConfig.deployWAR(HostConfig.java:988)
	at org.apache.catalina.startup.HostConfig$DeployWar.run(HostConfig.java:1860)
	at java.util.concurrent.Executors$RunnableAdapter.call(Executors.java:511)
	at java.util.concurrent.FutureTask.run(FutureTask.java:266)
	at java.util.concurrent.ThreadPoolExecutor.runWorker(ThreadPoolExecutor.java:1149)
	at java.util.concurrent.ThreadPoolExecutor$Worker.run(ThreadPoolExecutor.java:624)
	at java.lang.Thread.run(Thread.java:748)
Caused by: javax.management.InstanceAlreadyExistsException: org.apache.commons.dbcp2:name=dataSource,type=BasicDataSource
	at com.sun.jmx.mbeanserver.Repository.addMBean(Repository.java:437)
	at com.sun.jmx.interceptor.DefaultMBeanServerInterceptor.registerWithRepository(DefaultMBeanServerInterceptor.java:1898)
	at com.sun.jmx.interceptor.DefaultMBeanServerInterceptor.registerDynamicMBean(DefaultMBeanServerInterceptor.java:966)
	at com.sun.jmx.interceptor.DefaultMBeanServerInterceptor.registerObject(DefaultMBeanServerInterceptor.java:900)
	at com.sun.jmx.interceptor.DefaultMBeanServerInterceptor.registerMBean(DefaultMBeanServerInterceptor.java:324)
	at com.sun.jmx.mbeanserver.JmxMBeanServer.registerMBean(JmxMBeanServer.java:522)
	at org.springframework.jmx.support.MBeanRegistrationSupport.doRegister(MBeanRegistrationSupport.java:137)
	at org.springframework.jmx.export.MBeanExporter.registerBeanInstance(MBeanExporter.java:672)
	at org.springframework.jmx.export.MBeanExporter.registerBeanNameOrInstance(MBeanExporter.java:616)
	... 27 more

27-Nov-2018 15:34:15.561 정보 [localhost-startStop-2] org.springframework.boot.web.servlet.context.AnnotationConfigServletWebServerApplicationContext.doClose Closing org.springframework.boot.web.servlet.context.AnnotationConfigServletWebServerApplicationContext@1a945dfa: startup date [Tue Nov 27 15:34:14 KST 2018]; root of context hierarchy
27-Nov-2018 15:34:15.563 정보 [localhost-startStop-2] org.springframework.jmx.export.annotation.AnnotationMBeanExporter.destroy Unregistering JMX-exposed beans on shutdown
27-Nov-2018 15:34:15.565 심각 [localhost-startStop-2] org.apache.catalina.core.ContainerBase.addChildInternal ContainerBase.addChild: start:
 org.apache.catalina.LifecycleException: Failed to start component [StandardEngine[Catalina].StandardHost[localhost].StandardContext[/dbcp2##02]]
	at org.apache.catalina.util.LifecycleBase.start(LifecycleBase.java:167)
	at org.apache.catalina.core.ContainerBase.addChildInternal(ContainerBase.java:752)
	at org.apache.catalina.core.ContainerBase.addChild(ContainerBase.java:728)
	at org.apache.catalina.core.StandardHost.addChild(StandardHost.java:734)
	at org.apache.catalina.startup.HostConfig.deployWAR(HostConfig.java:988)
	at org.apache.catalina.startup.HostConfig$DeployWar.run(HostConfig.java:1860)
	at java.util.concurrent.Executors$RunnableAdapter.call(Executors.java:511)
	at java.util.concurrent.FutureTask.run(FutureTask.java:266)
	at java.util.concurrent.ThreadPoolExecutor.runWorker(ThreadPoolExecutor.java:1149)
	at java.util.concurrent.ThreadPoolExecutor$Worker.run(ThreadPoolExecutor.java:624)
	at java.lang.Thread.run(Thread.java:748)
Caused by: org.springframework.jmx.export.UnableToRegisterMBeanException: Unable to register MBean [org.apache.commons.dbcp2.BasicDataSource@5a6e5234] with key 'dataSource'; nested exception is javax.management.InstanceAlreadyExistsException: org.apache.commons.dbcp2:name=dataSource,type=BasicDataSource
	at org.springframework.jmx.export.MBeanExporter.registerBeanNameOrInstance(MBeanExporter.java:626)
	at org.springframework.jmx.export.MBeanExporter.lambda$registerBeans$2(MBeanExporter.java:552)
	at java.util.HashMap.forEach(HashMap.java:1289)
	at org.springframework.jmx.export.MBeanExporter.registerBeans(MBeanExporter.java:552)
	at org.springframework.jmx.export.MBeanExporter.afterSingletonsInstantiated(MBeanExporter.java:435)
	at org.springframework.beans.factory.support.DefaultListableBeanFactory.preInstantiateSingletons(DefaultListableBeanFactory.java:777)
	at org.springframework.context.support.AbstractApplicationContext.finishBeanFactoryInitialization(AbstractApplicationContext.java:868)
	at org.springframework.context.support.AbstractApplicationContext.refresh(AbstractApplicationContext.java:549)
	at org.springframework.boot.web.servlet.context.ServletWebServerApplicationContext.refresh(ServletWebServerApplicationContext.java:140)
	at org.springframework.boot.SpringApplication.refresh(SpringApplication.java:752)
	at org.springframework.boot.SpringApplication.refreshContext(SpringApplication.java:388)
	at org.springframework.boot.SpringApplication.run(SpringApplication.java:327)
	at org.springframework.boot.web.servlet.support.SpringBootServletInitializer.run(SpringBootServletInitializer.java:155)
	at org.springframework.boot.web.servlet.support.SpringBootServletInitializer.createRootApplicationContext(SpringBootServletInitializer.java:135)
	at org.springframework.boot.web.servlet.support.SpringBootServletInitializer.onStartup(SpringBootServletInitializer.java:87)
	at org.springframework.web.SpringServletContainerInitializer.onStartup(SpringServletContainerInitializer.java:172)
	at org.apache.catalina.core.StandardContext.startInternal(StandardContext.java:5196)
	at org.apache.catalina.util.LifecycleBase.start(LifecycleBase.java:150)
	... 10 more
Caused by: javax.management.InstanceAlreadyExistsException: org.apache.commons.dbcp2:name=dataSource,type=BasicDataSource
	at com.sun.jmx.mbeanserver.Repository.addMBean(Repository.java:437)
	at com.sun.jmx.interceptor.DefaultMBeanServerInterceptor.registerWithRepository(DefaultMBeanServerInterceptor.java:1898)
	at com.sun.jmx.interceptor.DefaultMBeanServerInterceptor.registerDynamicMBean(DefaultMBeanServerInterceptor.java:966)
	at com.sun.jmx.interceptor.DefaultMBeanServerInterceptor.registerObject(DefaultMBeanServerInterceptor.java:900)
	at com.sun.jmx.interceptor.DefaultMBeanServerInterceptor.registerMBean(DefaultMBeanServerInterceptor.java:324)
	at com.sun.jmx.mbeanserver.JmxMBeanServer.registerMBean(JmxMBeanServer.java:522)
	at org.springframework.jmx.support.MBeanRegistrationSupport.doRegister(MBeanRegistrationSupport.java:137)
	at org.springframework.jmx.export.MBeanExporter.registerBeanInstance(MBeanExporter.java:672)
	at org.springframework.jmx.export.MBeanExporter.registerBeanNameOrInstance(MBeanExporter.java:616)
	... 27 more

27-Nov-2018 15:34:15.566 심각 [localhost-startStop-2] org.apache.catalina.startup.HostConfig.deployWAR Error deploying web application archive [/Users/aqua/apps/tomcat/testtomcat/apache-tomcat-8.5.23/webapps/dbcp2##02.war]
 java.lang.IllegalStateException: ContainerBase.addChild: start: org.apache.catalina.LifecycleException: Failed to start component [StandardEngine[Catalina].StandardHost[localhost].StandardContext[/dbcp2##02]]
	at org.apache.catalina.core.ContainerBase.addChildInternal(ContainerBase.java:756)
	at org.apache.catalina.core.ContainerBase.addChild(ContainerBase.java:728)
	at org.apache.catalina.core.StandardHost.addChild(StandardHost.java:734)
	at org.apache.catalina.startup.HostConfig.deployWAR(HostConfig.java:988)
	at org.apache.catalina.startup.HostConfig$DeployWar.run(HostConfig.java:1860)
	at java.util.concurrent.Executors$RunnableAdapter.call(Executors.java:511)
	at java.util.concurrent.FutureTask.run(FutureTask.java:266)
	at java.util.concurrent.ThreadPoolExecutor.runWorker(ThreadPoolExecutor.java:1149)
	at java.util.concurrent.ThreadPoolExecutor$Worker.run(ThreadPoolExecutor.java:624)
	at java.lang.Thread.run(Thread.java:748)

27-Nov-2018 15:34:15.566 정보 [localhost-startStop-2] org.apache.catalina.startup.HostConfig.deployWAR Deployment of web application archive [/Users/aqua/apps/tomcat/testtomcat/apache-tomcat-8.5.23/webapps/dbcp2##02.war] has finished in [3,204] ms
